<?xml version="1.0" encoding="UTF-8"?>
<!-- Generated by org.testng.reporters.JUnitReportReporter -->
<testsuite hostname="Atul" failures="0" tests="7" name="mavenprojetdemos.ProjectDemoWebShop" time="23.607" errors="0" timestamp="2022-07-24T18:55:05 IST" skipped="0">
  <testcase classname="mavenprojetdemos.ProjectDemoWebShop" name="aRegister" time="2.684"/>
  <system-out/>
  <testcase classname="mavenprojetdemos.ProjectDemoWebShop" name="bContinue" time="11.744"/>
  <system-out/>
  <testcase classname="mavenprojetdemos.ProjectDemoWebShop" name="shoppingCart" time="3.848"/>
  <system-out/>
  <testcase classname="mavenprojetdemos.ProjectDemoWebShop" name="billingAddress" time="1.834"/>
  <system-out/>
  <testcase classname="mavenprojetdemos.ProjectDemoWebShop" name="shippingAddress" time="1.420"/>
  <system-out/>
  <testcase classname="mavenprojetdemos.ProjectDemoWebShop" name="payment" time="1.558"/>
  <system-out/>
  <testcase classname="mavenprojetdemos.ProjectDemoWebShop" name="confirmOrder" time="0.519"/>
  <system-out/>
</testsuite> <!-- mavenprojetdemos.ProjectDemoWebShop -->
