<?xml version="1.0" encoding="UTF-8"?>
<!-- Generated by org.testng.reporters.JUnitReportReporter -->
<testsuite hostname="Atul" failures="0" tests="1" name="mavenprojetdemos.MavenDemoGuru" time="6.005" errors="0" timestamp="2022-07-15T17:50:07 IST" skipped="0">
  <testcase classname="mavenprojetdemos.MavenDemoGuru" name="loginCheck" time="6.005"/>
  <system-out/>
</testsuite> <!-- mavenprojetdemos.MavenDemoGuru -->
