<?xml version="1.0" encoding="UTF-8"?>
<!-- Generated by org.testng.reporters.JUnitReportReporter -->
<testsuite hostname="Atul" failures="0" tests="1" name="mavenprojetdemos.Mdemo" time="14.832" errors="0" timestamp="2022-07-15T17:37:09 IST" skipped="0">
  <testcase classname="mavenprojetdemos.Mdemo" name="openWebPage" time="14.832"/>
  <system-out/>
</testsuite> <!-- mavenprojetdemos.Mdemo -->
